2025-06-12 14:44:40.188 +03:00 [WRN] Sensitive data logging is enabled. Log entries and exception messages may include sensitive application data; this mode should only be enabled during development.
2025-06-12 14:44:40.612 +03:00 [WRN] The entity type 'Address' is an optional dependent using table sharing without any required non shared property that could be used to identify whether the entity exists. If all nullable properties contain a null value in database then an object instance won't be created in the query. Add a required property to create instances with null values for other properties or mark the incoming navigation as required to always create an instance.
2025-06-12 14:44:40.691 +03:00 [WRN] No store type was specified for the decimal property 'Price' on entity type 'Dish'. This will cause values to be silently truncated if they do not fit in the default precision and scale. Explicitly specify the SQL server column type that can accommodate all the values in 'OnModelCreating' using 'HasColumnType', specify precision and scale using 'HasPrecision', or configure a value converter using 'HasConversion'.
2025-06-12 14:44:42.933 +03:00 [INF] Executed DbCommand (78ms) [Parameters=[], CommandType='"Text"', CommandTimeout='30']
SELECT 1
2025-06-12 14:44:43.973 +03:00 [INF] Executed DbCommand (37ms) [Parameters=[], CommandType='"Text"', CommandTimeout='30']
SELECT CASE
    WHEN EXISTS (
        SELECT 1
        FROM [Restaurants] AS [r]) THEN CAST(1 AS bit)
    ELSE CAST(0 AS bit)
END
2025-06-12 14:44:49.910 +03:00 [INF] HTTP GET /swagger/index.html responded 200 in 434.2178 ms
2025-06-12 14:44:51.610 +03:00 [INF] HTTP GET /swagger/v1/swagger.json responded 200 in 83.9842 ms
2025-06-12 14:54:22.433 +03:00 [WRN] Sensitive data logging is enabled. Log entries and exception messages may include sensitive application data; this mode should only be enabled during development.
2025-06-12 14:54:22.696 +03:00 [WRN] The entity type 'Address' is an optional dependent using table sharing without any required non shared property that could be used to identify whether the entity exists. If all nullable properties contain a null value in database then an object instance won't be created in the query. Add a required property to create instances with null values for other properties or mark the incoming navigation as required to always create an instance.
2025-06-12 14:54:22.728 +03:00 [WRN] No store type was specified for the decimal property 'Price' on entity type 'Dish'. This will cause values to be silently truncated if they do not fit in the default precision and scale. Explicitly specify the SQL server column type that can accommodate all the values in 'OnModelCreating' using 'HasColumnType', specify precision and scale using 'HasPrecision', or configure a value converter using 'HasConversion'.
2025-06-12 14:54:29.579 +03:00 [INF] Executed DbCommand (222ms) [Parameters=[], CommandType='"Text"', CommandTimeout='30']
SELECT 1
2025-06-12 14:54:30.629 +03:00 [INF] Executed DbCommand (28ms) [Parameters=[], CommandType='"Text"', CommandTimeout='30']
SELECT CASE
    WHEN EXISTS (
        SELECT 1
        FROM [Restaurants] AS [r]) THEN CAST(1 AS bit)
    ELSE CAST(0 AS bit)
END
2025-06-12 14:54:34.427 +03:00 [INF] HTTP GET /swagger/index.html responded 200 in 265.2506 ms
2025-06-12 14:54:35.615 +03:00 [INF] HTTP GET /swagger/v1/swagger.json responded 200 in 91.9919 ms
2025-06-12 14:54:56.786 +03:00 [INF] Getting Restaurant of 1
2025-06-12 14:54:57.766 +03:00 [INF] Executed DbCommand (238ms) [Parameters=[@__id_0='1'], CommandType='"Text"', CommandTimeout='30']
SELECT [r0].[Id], [r0].[Category], [r0].[ContactEmail], [r0].[ContactNumber], [r0].[Description], [r0].[HasDelivery], [r0].[Name], [r0].[Address_City], [r0].[Address_PostalCode], [r0].[Address_Street], [d].[Id], [d].[Description], [d].[KiloCalories], [d].[Name], [d].[Price], [d].[RestaurantId]
FROM (
    SELECT TOP(1) [r].[Id], [r].[Category], [r].[ContactEmail], [r].[ContactNumber], [r].[Description], [r].[HasDelivery], [r].[Name], [r].[Address_City], [r].[Address_PostalCode], [r].[Address_Street]
    FROM [Restaurants] AS [r]
    WHERE [r].[Id] = @__id_0
) AS [r0]
LEFT JOIN [Dishes] AS [d] ON [r0].[Id] = [d].[RestaurantId]
ORDER BY [r0].[Id]
2025-06-12 14:54:57.923 +03:00 [INF] HTTP GET /api/Restaurants/GetRestaurant/1 responded 404 in 1591.1676 ms
{"@t":"2025-06-12T11:59:52.4305648Z","@mt":"Sensitive data logging is enabled. Log entries and exception messages may include sensitive application data; this mode should only be enabled during development.","@l":"Warning","EventId":{"Id":10400,"Name":"Microsoft.EntityFrameworkCore.Infrastructure.SensitiveDataLoggingEnabledWarning"},"SourceContext":"Microsoft.EntityFrameworkCore.Model.Validation"}
{"@t":"2025-06-12T11:59:52.7833377Z","@mt":"The entity type '{entityType}' is an optional dependent using table sharing without any required non shared property that could be used to identify whether the entity exists. If all nullable properties contain a null value in database then an object instance won't be created in the query. Add a required property to create instances with null values for other properties or mark the incoming navigation as required to always create an instance.","@l":"Warning","entityType":"Address","EventId":{"Id":20606,"Name":"Microsoft.EntityFrameworkCore.Model.Validation.OptionalDependentWithoutIdentifyingPropertyWarning"},"SourceContext":"Microsoft.EntityFrameworkCore.Model.Validation"}
{"@t":"2025-06-12T11:59:52.9604152Z","@mt":"No store type was specified for the decimal property '{property}' on entity type '{entityType}'. This will cause values to be silently truncated if they do not fit in the default precision and scale. Explicitly specify the SQL server column type that can accommodate all the values in 'OnModelCreating' using 'HasColumnType', specify precision and scale using 'HasPrecision', or configure a value converter using 'HasConversion'.","@l":"Warning","property":"Price","entityType":"Dish","EventId":{"Id":30000,"Name":"Microsoft.EntityFrameworkCore.Model.Validation.DecimalTypeDefaultWarning"},"SourceContext":"Microsoft.EntityFrameworkCore.Model.Validation"}
{"@t":"2025-06-12T11:59:54.3191695Z","@mt":"Executed DbCommand ({elapsed}ms) [Parameters=[{parameters}], CommandType='{commandType}', CommandTimeout='{commandTimeout}']{newLine}{commandText}","elapsed":"63","parameters":"","commandType":"Text","commandTimeout":30,"newLine":"\r\n","commandText":"SELECT 1","EventId":{"Id":20101,"Name":"Microsoft.EntityFrameworkCore.Database.Command.CommandExecuted"},"SourceContext":"Microsoft.EntityFrameworkCore.Database.Command"}
{"@t":"2025-06-12T11:59:55.3547410Z","@mt":"Executed DbCommand ({elapsed}ms) [Parameters=[{parameters}], CommandType='{commandType}', CommandTimeout='{commandTimeout}']{newLine}{commandText}","elapsed":"12","parameters":"","commandType":"Text","commandTimeout":30,"newLine":"\r\n","commandText":"SELECT CASE\r\n    WHEN EXISTS (\r\n        SELECT 1\r\n        FROM [Restaurants] AS [r]) THEN CAST(1 AS bit)\r\n    ELSE CAST(0 AS bit)\r\nEND","EventId":{"Id":20101,"Name":"Microsoft.EntityFrameworkCore.Database.Command.CommandExecuted"},"SourceContext":"Microsoft.EntityFrameworkCore.Database.Command"}
{"@t":"2025-06-12T12:00:00.2077844Z","@mt":"HTTP {RequestMethod} {RequestPath} responded {StatusCode} in {Elapsed:0.0000} ms","@r":["501.1651"],"@tr":"86431fe29c414f54c83dd499626a410d","@sp":"e1ca01953be40690","RequestMethod":"GET","RequestPath":"/swagger/index.html","StatusCode":200,"Elapsed":501.1651,"SourceContext":"Serilog.AspNetCore.RequestLoggingMiddleware"}
{"@t":"2025-06-12T12:00:01.8807045Z","@mt":"HTTP {RequestMethod} {RequestPath} responded {StatusCode} in {Elapsed:0.0000} ms","@r":["20.0145"],"@tr":"f6783960180672b07ac22a532dec3d24","@sp":"73736ca0c4f56467","RequestMethod":"GET","RequestPath":"/swagger/v1/swagger.json","StatusCode":200,"Elapsed":20.0145,"SourceContext":"Serilog.AspNetCore.RequestLoggingMiddleware"}
{"@t":"2025-06-12T12:00:11.4694561Z","@mt":"Getting All Restaurants [we are in Restaurants GetAll Query Handler ]","@tr":"c2845d3768225d4dfd127fb174ccffbd","@sp":"2e68ab0cddab326e","SourceContext":"Restaurants.Application.Restaurants.Queries.GetAllRestaurants.GetAllRestaurantQueryHandler","ActionId":"e6cf92dc-a9b2-47a3-b21c-e539fc2c3864","ActionName":"Restaurant.API.Controllers.RestaurantsController.GetAll (Restaurant.API)","RequestId":"0HND9L2JAUMOS:00000009","RequestPath":"/api/Restaurants/get-all-restaurants","ConnectionId":"0HND9L2JAUMOS"}
{"@t":"2025-06-12T12:00:12.0329728Z","@mt":"Executed DbCommand ({elapsed}ms) [Parameters=[{parameters}], CommandType='{commandType}', CommandTimeout='{commandTimeout}']{newLine}{commandText}","@tr":"c2845d3768225d4dfd127fb174ccffbd","@sp":"2e68ab0cddab326e","elapsed":"36","parameters":"","commandType":"Text","commandTimeout":30,"newLine":"\r\n","commandText":"SELECT [r].[Id], [r].[Category], [r].[ContactEmail], [r].[ContactNumber], [r].[Description], [r].[HasDelivery], [r].[Name], [r].[Address_City], [r].[Address_PostalCode], [r].[Address_Street], [d].[Id], [d].[Description], [d].[KiloCalories], [d].[Name], [d].[Price], [d].[RestaurantId]\r\nFROM [Restaurants] AS [r]\r\nLEFT JOIN [Dishes] AS [d] ON [r].[Id] = [d].[RestaurantId]\r\nORDER BY [r].[Id]","EventId":{"Id":20101,"Name":"Microsoft.EntityFrameworkCore.Database.Command.CommandExecuted"},"SourceContext":"Microsoft.EntityFrameworkCore.Database.Command","ActionId":"e6cf92dc-a9b2-47a3-b21c-e539fc2c3864","ActionName":"Restaurant.API.Controllers.RestaurantsController.GetAll (Restaurant.API)","RequestId":"0HND9L2JAUMOS:00000009","RequestPath":"/api/Restaurants/get-all-restaurants","ConnectionId":"0HND9L2JAUMOS"}
{"@t":"2025-06-12T12:00:12.7178833Z","@mt":"HTTP {RequestMethod} {RequestPath} responded {StatusCode} in {Elapsed:0.0000} ms","@r":["1530.8641"],"@tr":"c2845d3768225d4dfd127fb174ccffbd","@sp":"2e68ab0cddab326e","RequestMethod":"GET","RequestPath":"/api/Restaurants/get-all-restaurants","StatusCode":200,"Elapsed":1530.8641,"SourceContext":"Serilog.AspNetCore.RequestLoggingMiddleware"}
{"@t":"2025-06-12T12:14:47.6423741Z","@mt":"Sensitive data logging is enabled. Log entries and exception messages may include sensitive application data; this mode should only be enabled during development.","@l":"Warning","EventId":{"Id":10400,"Name":"Microsoft.EntityFrameworkCore.Infrastructure.SensitiveDataLoggingEnabledWarning"},"SourceContext":"Microsoft.EntityFrameworkCore.Model.Validation"}
{"@t":"2025-06-12T12:14:47.9568324Z","@mt":"The entity type '{entityType}' is an optional dependent using table sharing without any required non shared property that could be used to identify whether the entity exists. If all nullable properties contain a null value in database then an object instance won't be created in the query. Add a required property to create instances with null values for other properties or mark the incoming navigation as required to always create an instance.","@l":"Warning","entityType":"Address","EventId":{"Id":20606,"Name":"Microsoft.EntityFrameworkCore.Model.Validation.OptionalDependentWithoutIdentifyingPropertyWarning"},"SourceContext":"Microsoft.EntityFrameworkCore.Model.Validation"}
{"@t":"2025-06-12T12:14:47.9925052Z","@mt":"No store type was specified for the decimal property '{property}' on entity type '{entityType}'. This will cause values to be silently truncated if they do not fit in the default precision and scale. Explicitly specify the SQL server column type that can accommodate all the values in 'OnModelCreating' using 'HasColumnType', specify precision and scale using 'HasPrecision', or configure a value converter using 'HasConversion'.","@l":"Warning","property":"Price","entityType":"Dish","EventId":{"Id":30000,"Name":"Microsoft.EntityFrameworkCore.Model.Validation.DecimalTypeDefaultWarning"},"SourceContext":"Microsoft.EntityFrameworkCore.Model.Validation"}
{"@t":"2025-06-12T12:14:55.0282292Z","@mt":"Executed DbCommand ({elapsed}ms) [Parameters=[{parameters}], CommandType='{commandType}', CommandTimeout='{commandTimeout}']{newLine}{commandText}","elapsed":"94","parameters":"","commandType":"Text","commandTimeout":30,"newLine":"\r\n","commandText":"SELECT 1","EventId":{"Id":20101,"Name":"Microsoft.EntityFrameworkCore.Database.Command.CommandExecuted"},"SourceContext":"Microsoft.EntityFrameworkCore.Database.Command"}
{"@t":"2025-06-12T12:14:56.0380777Z","@mt":"Executed DbCommand ({elapsed}ms) [Parameters=[{parameters}], CommandType='{commandType}', CommandTimeout='{commandTimeout}']{newLine}{commandText}","elapsed":"24","parameters":"","commandType":"Text","commandTimeout":30,"newLine":"\r\n","commandText":"SELECT CASE\r\n    WHEN EXISTS (\r\n        SELECT 1\r\n        FROM [Restaurants] AS [r]) THEN CAST(1 AS bit)\r\n    ELSE CAST(0 AS bit)\r\nEND","EventId":{"Id":20101,"Name":"Microsoft.EntityFrameworkCore.Database.Command.CommandExecuted"},"SourceContext":"Microsoft.EntityFrameworkCore.Database.Command"}
{"@t":"2025-06-12T12:14:59.5852346Z","@mt":"HTTP {RequestMethod} {RequestPath} responded {StatusCode} in {Elapsed:0.0000} ms","@r":["473.3497"],"@tr":"c5a3a13a20330365648a9b015306c4fd","@sp":"8d21fc97b39e8918","RequestMethod":"GET","RequestPath":"/swagger/index.html","StatusCode":200,"Elapsed":473.3497,"SourceContext":"Serilog.AspNetCore.RequestLoggingMiddleware"}
{"@t":"2025-06-12T12:15:00.5637362Z","@mt":"HTTP {RequestMethod} {RequestPath} responded {StatusCode} in {Elapsed:0.0000} ms","@r":["135.2470"],"@tr":"c276c8f4e92383aa48e8992eee358bdb","@sp":"e0ecb93c496c853a","RequestMethod":"GET","RequestPath":"/swagger/v1/swagger.json","StatusCode":200,"Elapsed":135.247,"SourceContext":"Serilog.AspNetCore.RequestLoggingMiddleware"}
{"@t":"2025-06-12T12:44:03.8497435Z","@mt":"Sensitive data logging is enabled. Log entries and exception messages may include sensitive application data; this mode should only be enabled during development.","@l":"Warning","EventId":{"Id":10400,"Name":"Microsoft.EntityFrameworkCore.Infrastructure.SensitiveDataLoggingEnabledWarning"},"SourceContext":"Microsoft.EntityFrameworkCore.Model.Validation"}
{"@t":"2025-06-12T12:44:04.1391853Z","@mt":"The entity type '{entityType}' is an optional dependent using table sharing without any required non shared property that could be used to identify whether the entity exists. If all nullable properties contain a null value in database then an object instance won't be created in the query. Add a required property to create instances with null values for other properties or mark the incoming navigation as required to always create an instance.","@l":"Warning","entityType":"Address","EventId":{"Id":20606,"Name":"Microsoft.EntityFrameworkCore.Model.Validation.OptionalDependentWithoutIdentifyingPropertyWarning"},"SourceContext":"Microsoft.EntityFrameworkCore.Model.Validation"}
{"@t":"2025-06-12T12:44:04.1637714Z","@mt":"No store type was specified for the decimal property '{property}' on entity type '{entityType}'. This will cause values to be silently truncated if they do not fit in the default precision and scale. Explicitly specify the SQL server column type that can accommodate all the values in 'OnModelCreating' using 'HasColumnType', specify precision and scale using 'HasPrecision', or configure a value converter using 'HasConversion'.","@l":"Warning","property":"Price","entityType":"Dish","EventId":{"Id":30000,"Name":"Microsoft.EntityFrameworkCore.Model.Validation.DecimalTypeDefaultWarning"},"SourceContext":"Microsoft.EntityFrameworkCore.Model.Validation"}
{"@t":"2025-06-12T12:44:09.9117381Z","@mt":"Executed DbCommand ({elapsed}ms) [Parameters=[{parameters}], CommandType='{commandType}', CommandTimeout='{commandTimeout}']{newLine}{commandText}","elapsed":"79","parameters":"","commandType":"Text","commandTimeout":30,"newLine":"\r\n","commandText":"SELECT 1","EventId":{"Id":20101,"Name":"Microsoft.EntityFrameworkCore.Database.Command.CommandExecuted"},"SourceContext":"Microsoft.EntityFrameworkCore.Database.Command"}
{"@t":"2025-06-12T12:44:10.6793597Z","@mt":"Executed DbCommand ({elapsed}ms) [Parameters=[{parameters}], CommandType='{commandType}', CommandTimeout='{commandTimeout}']{newLine}{commandText}","elapsed":"18","parameters":"","commandType":"Text","commandTimeout":30,"newLine":"\r\n","commandText":"SELECT CASE\r\n    WHEN EXISTS (\r\n        SELECT 1\r\n        FROM [Restaurants] AS [r]) THEN CAST(1 AS bit)\r\n    ELSE CAST(0 AS bit)\r\nEND","EventId":{"Id":20101,"Name":"Microsoft.EntityFrameworkCore.Database.Command.CommandExecuted"},"SourceContext":"Microsoft.EntityFrameworkCore.Database.Command"}
{"@t":"2025-06-12T12:44:14.2075068Z","@mt":"HTTP {RequestMethod} {RequestPath} responded {StatusCode} in {Elapsed:0.0000} ms","@r":["420.3392"],"@tr":"3a728d07071e9ac39326e01dd75e2134","@sp":"cd187050779fc757","RequestMethod":"GET","RequestPath":"/swagger/index.html","StatusCode":200,"Elapsed":420.3392,"SourceContext":"Serilog.AspNetCore.RequestLoggingMiddleware"}
{"@t":"2025-06-12T12:44:15.8035233Z","@mt":"HTTP {RequestMethod} {RequestPath} responded {StatusCode} in {Elapsed:0.0000} ms","@r":["45.4674"],"@tr":"b188d554289d1ac11ef495d6946c3b9f","@sp":"7bbdab1fe3b3ea2a","RequestMethod":"GET","RequestPath":"/swagger/v1/swagger.json","StatusCode":200,"Elapsed":45.4674,"SourceContext":"Serilog.AspNetCore.RequestLoggingMiddleware"}
